<?xml version="1.0" encoding="UTF-8"?>
<testng-results ignored="0" total="1" passed="1" failed="0" skipped="0">
  <reporter-output>
  </reporter-output>
  <suite started-at="2025-12-08T18:03:03 IST" name="Default suite" finished-at="2025-12-08T18:03:21 IST" duration-ms="17263">
    <groups>
    </groups>
    <test started-at="2025-12-08T18:03:03 IST" name="Default test" finished-at="2025-12-08T18:03:21 IST" duration-ms="17263">
      <class name="api.test.broken_link">
        <test-method signature="testlink()[pri:0, instance:api.test.broken_link@6aba2b86]" started-at="2025-12-08T18:03:03 IST" name="testlink" finished-at="2025-12-08T18:03:21 IST" duration-ms="17230" status="PASS">
          <reporter-output>
          </reporter-output>
        </test-method> <!-- testlink -->
      </class> <!-- api.test.broken_link -->
    </test> <!-- Default test -->
  </suite> <!-- Default suite -->
</testng-results>
